Loaded fallback data: 5 servers, 3 clients, 4 agents
Attempting to connect to AWS PostgreSQL database...
Initializing AWS PostgreSQL database schema...
Mock query executed: 
      CREATE TABLE IF NOT EXISTS products (
        id SERIAL PRIMARY KEY,
        name VARCHAR(255) NOT NULL,
        description TEXT,
        price DECIMAL(10, 2) DEFAULT 0,
        image_url VARCHAR(512),
        icon_url VARCHAR(512),
        category VARCHAR(100),
        categories TEXT[],
        sku VARCHAR(50),
        product_type VARCHAR(50) DEFAULT 'mcp_server',
        github_url VARCHAR(512),
        official BOOLEAN DEFAULT FALSE,
        docs_url VARCHAR(512),
        demo_url VARCHAR(512),
        language VARCHAR(100),
        license VARCHAR(100),
        creator VARCHAR(100),
        version VARCHAR(50),
        installation_command TEXT,
        tags TEXT[],
        inventory_count INTEGER DEFAULT 0,
        is_featured BOOLEAN DEFAULT FALSE,
        is_active BOOLEAN DEFAULT TRUE,
        slug VARCHAR(255) NOT NULL,
        stars_numeric INTEGER DEFAULT 0,
        created_at TIMESTAMP DEFAULT CURRENT_TIMESTAMP,
        updated_at TIMESTAMP DEFAULT CURRENT_TIMESTAMP
      );
     undefined
Products table created or verified
Mock query executed: 
      CREATE INDEX IF NOT EXISTS idx_products_name ON products(name);
      CREATE INDEX IF NOT EXISTS idx_products_category ON products(category);
      CREATE INDEX IF NOT EXISTS idx_products_is_featured ON products(is_featured) WHERE is_featured = TRUE;
      CREATE INDEX IF NOT EXISTS idx_products_product_type ON products(product_type);
      CREATE UNIQUE INDEX IF NOT EXISTS idx_products_slug ON products(slug);
     undefined
Database indexes created or verified
Mock query executed: SELECT COUNT(*) FROM products undefined
Database schema initialized successfully

------------------------------------------------------
🚀 API Server running on port 3001
------------------------------------------------------
✅ Connected to AWS database successfully
   
💡 All data is being served directly from AWS database
------------------------------------------------------

AWS Database connected successfully!
Mock query executed: SELECT * FROM products ORDER BY created_at DESC LIMIT $1 OFFSET $2 [ 10, 0 ]
Mock query executed: SELECT COUNT(*) FROM products undefined
Mock query executed: SELECT * FROM products ORDER BY created_at DESC LIMIT $1 OFFSET $2 [ 50, 0 ]
Mock query executed: SELECT COUNT(*) FROM products undefined
Mock query executed: SELECT * FROM products ORDER BY created_at DESC LIMIT $1 OFFSET $2 [ 50, 0 ]
Mock query executed: SELECT COUNT(*) FROM products undefined
